{"/home/yfy/stap/rts/test.js":{"path":"/home/yfy/stap/rts/test.js","s":{"1":1,"2":1,"3":1,"4":1,"5":0,"6":1,"7":1,"8":10},"b":{"1":[0,1]},"f":{"1":0},"fnMap":{"1":{"name":"foo","line":3,"loc":{"start":{"line":3,"column":0},"end":{"line":3,"column":15}}}},"statementMap":{"1":{"start":{"line":1,"column":0},"end":{"line":1,"column":31}},"2":{"start":{"line":3,"column":0},"end":{"line":3,"column":17}},"3":{"start":{"line":5,"column":0},"end":{"line":5,"column":7}},"4":{"start":{"line":6,"column":0},"end":{"line":6,"column":18}},"5":{"start":{"line":6,"column":11},"end":{"line":6,"column":18}},"6":{"start":{"line":7,"column":0},"end":{"line":7,"column":14}},"7":{"start":{"line":9,"column":0},"end":{"line":10,"column":16}},"8":{"start":{"line":10,"column":1},"end":{"line":10,"column":16}}},"branchMap":{"1":{"line":6,"type":"if","locations":[{"start":{"line":6,"column":0},"end":{"line":6,"column":0}},{"start":{"line":6,"column":0},"end":{"line":6,"column":0}}]}}},"/home/yfy/stap/rts/hello.js":{"path":"/home/yfy/stap/rts/hello.js","s":{"1":1,"2":1,"3":1},"b":{},"f":{"1":1},"fnMap":{"1":{"name":"hello","line":1,"loc":{"start":{"line":1,"column":-15},"end":{"line":1,"column":17}}}},"statementMap":{"1":{"start":{"line":1,"column":-15},"end":{"line":3,"column":1}},"2":{"start":{"line":2,"column":1},"end":{"line":2,"column":22}},"3":{"start":{"line":5,"column":0},"end":{"line":7,"column":2}}},"branchMap":{}}}