{"/home/yfy/stap/rts/switch.js":{"path":"/home/yfy/stap/rts/switch.js","s":{"1":1,"2":1,"3":1,"4":1,"5":0},"b":{"1":[0,1,0]},"f":{},"fnMap":{},"statementMap":{"1":{"start":{"line":1,"column":0},"end":{"line":1,"column":6}},"2":{"start":{"line":2,"column":0},"end":{"line":9,"column":1}},"3":{"start":{"line":5,"column":1},"end":{"line":5,"column":16}},"4":{"start":{"line":6,"column":1},"end":{"line":6,"column":7}},"5":{"start":{"line":8,"column":1},"end":{"line":8,"column":16}}},"branchMap":{"1":{"line":2,"type":"switch","locations":[{"start":{"line":3,"column":0},"end":{"line":3,"column":7}},{"start":{"line":4,"column":0},"end":{"line":6,"column":7}},{"start":{"line":7,"column":0},"end":{"line":8,"column":16}}]}}}}